2020-11-16 00:56:33.596  INFO 4620 --- [main] lavalink.server.Launcher                 : 

[32m       .  [31m _                  _ _       _    [32m__ _ _
[32m      /\\ [31m| | __ ___   ____ _| (_)_ __ | | __[32m\ \ \ \
[32m     ( ( )[31m| |/ _` \ \ / / _` | | | '_ \| |/ /[32m \ \ \ \
[32m      \\/ [31m| | (_| |\ V / (_| | | | | | |   < [32m  ) ) ) )
[32m       '  [31m|_|\__,_| \_/ \__,_|_|_|_| |_|_|\_\[32m / / / /
[0m    =========================================[32m/_/_/_/[0m

	Version:        3.3.2.1
	Build:          1132
	Build time:     28.10.2020 21:44:36 UTC
	Branch          master
	Commit:         833f72e
	Commit time:    28.10.2020 21:39:31 UTC
	JVM:            15.0.1
	Lavaplayer      1.3.53

2020-11-16 00:56:33.961  INFO 4620 --- [main] lavalink.server.Launcher                 : Starting Launcher on Ribs with PID 4620 (C:\Users\Admin\source\repos\Bibs_Discord.NET\Bibs_Discord.NET\Lavalink\Lavalink.jar started by Admin in C:\Users\Admin\source\repos\Bibs_Discord.NET\Bibs_Discord.NET\Lavalink)
2020-11-16 00:56:33.963  INFO 4620 --- [main] lavalink.server.Launcher                 : No active profile set, falling back to default profiles: default
2020-11-16 00:56:34.230  WARN 4620 --- [background-preinit] o.s.h.c.j.Jackson2ObjectMapperBuilder    : For Jackson Kotlin classes support please add "com.fasterxml.jackson.module:jackson-module-kotlin" to the classpath
2020-11-16 00:56:43.448  WARN 4620 --- [main] io.undertow.websockets.jsr               : UT026010: Buffer pool was not set on WebSocketDeploymentInfo, the default pool will be used
2020-11-16 00:56:43.629  INFO 4620 --- [main] io.undertow.servlet                      : Initializing Spring embedded WebApplicationContext
2020-11-16 00:56:43.632  INFO 4620 --- [main] o.s.web.context.ContextLoader            : Root WebApplicationContext: initialization completed in 9454 ms
2020-11-16 00:56:46.361  WARN 4620 --- [main] l.server.config.SentryConfiguration      : Turning off sentry
2020-11-16 00:56:48.521  INFO 4620 --- [main] c.s.d.l.tools.GarbageCollectionMonitor   : GC monitoring enabled, reporting results every 2 minutes.
2020-11-16 00:56:49.811  INFO 4620 --- [main] lavalink.server.config.KoeConfiguration  : OS: Windows 10, Arch: amd64
2020-11-16 00:56:49.813  WARN 4620 --- [main] lavalink.server.config.KoeConfiguration  : This system and architecture appears to not support native audio sending! GC pauses may cause your bot to stutter during playback.
2020-11-16 00:56:51.565  INFO 4620 --- [main] o.s.s.concurrent.ThreadPoolTaskExecutor  : Initializing ExecutorService 'applicationTaskExecutor'
2020-11-16 00:56:54.016  INFO 4620 --- [main] org.xnio                                 : XNIO version 3.3.8.Final
2020-11-16 00:56:54.097  INFO 4620 --- [main] org.xnio.nio                             : XNIO NIO Implementation Version 3.3.8.Final
2020-11-16 00:56:54.397  INFO 4620 --- [main] o.s.b.w.e.u.UndertowServletWebServer     : Undertow started on port(s) 2333 (http) with context path ''
2020-11-16 00:56:54.423  INFO 4620 --- [main] lavalink.server.Launcher                 : Started Launcher in 22.372 seconds (JVM running for 24.0)
2020-11-16 00:56:54.429  INFO 4620 --- [main] lavalink.server.Launcher                 : You can safely ignore the big red warning about illegal reflection. See https://github.com/Frederikam/Lavalink/issues/295
2020-11-16 01:23:46.263  INFO 4620 --- [XNIO-1 task-1] io.undertow.servlet                      : Initializing Spring DispatcherServlet 'dispatcherServlet'
2020-11-16 01:23:46.264  INFO 4620 --- [XNIO-1 task-1] o.s.web.servlet.DispatcherServlet        : Initializing Servlet 'dispatcherServlet'
2020-11-16 01:23:46.276  INFO 4620 --- [XNIO-1 task-1] o.s.web.servlet.DispatcherServlet        : Completed initialization in 12 ms
2020-11-16 01:23:46.369  INFO 4620 --- [XNIO-1 task-1] l.server.io.HandshakeInterceptorImpl     : Incoming connection from /127.0.0.1:57517
2020-11-16 01:23:46.710  INFO 4620 --- [XNIO-1 task-1] lavalink.server.io.SocketServer          : Connection successfully established from /127.0.0.1:57517
2020-11-16 01:24:15.285  INFO 4620 --- [XNIO-1 I/O-1] lavalink.server.io.SocketServer          : {"guildId":"730221987804217365","sessionId":"3a3463a61dacf28d35773164a7d7c755","event":{"token":"93f2fc21bfbeaa05","endpoint":"us-west723.discord.media:443"},"op":"voiceUpdate"}
2020-11-16 01:24:21.001  INFO 4620 --- [XNIO-1 I/O-1] lavalink.server.io.SocketServer          : {"guildId":"730221987804217365","op":"stop"}
2020-11-16 01:24:21.014  INFO 4620 --- [XNIO-1 I/O-1] lavalink.server.io.SocketServer          : {"guildId":"730221987804217365","op":"destroy"}
2020-11-16 01:24:21.050  INFO 4620 --- [XNIO-1 I/O-1] lavalink.server.io.SocketServer          : Connection closed from /127.0.0.1:57517 -- CloseStatus[code=1000, reason=Requested.]
2020-11-16 01:24:21.052  INFO 4620 --- [XNIO-1 I/O-1] lavalink.server.io.SocketContext         : Shutting down 0 playing players.
2020-11-16 01:24:31.088  INFO 4620 --- [XNIO-1 task-2] l.server.io.HandshakeInterceptorImpl     : Incoming connection from /127.0.0.1:57524
2020-11-16 01:24:31.096  INFO 4620 --- [XNIO-1 task-2] lavalink.server.io.SocketServer          : Connection successfully established from /127.0.0.1:57524
2020-11-16 01:24:32.085  INFO 4620 --- [XNIO-1 I/O-4] lavalink.server.io.SocketServer          : Connection closed from /127.0.0.1:57524 -- CloseStatus[code=1000, reason=Requested.]
2020-11-16 01:24:32.087  INFO 4620 --- [XNIO-1 I/O-4] lavalink.server.io.SocketContext         : Shutting down 0 playing players.
2020-11-16 01:31:55.009  INFO 4620 --- [XNIO-1 task-3] l.server.io.HandshakeInterceptorImpl     : Incoming connection from /127.0.0.1:57556
2020-11-16 01:31:55.020  INFO 4620 --- [XNIO-1 task-3] lavalink.server.io.SocketServer          : Connection successfully established from /127.0.0.1:57556
2020-11-16 01:32:16.616  INFO 4620 --- [XNIO-1 I/O-4] lavalink.server.io.SocketServer          : {"guildId":"730221987804217365","sessionId":"b2c40230a397feceb52100404f019ba8","event":{"token":"fcd9a28cbbe4c5c5","endpoint":"us-west6146.discord.media:443"},"op":"voiceUpdate"}
2020-11-16 01:32:21.667  INFO 4620 --- [XNIO-1 I/O-4] lavalink.server.io.SocketServer          : {"guildId":"730221987804217365","op":"stop"}
2020-11-16 01:32:21.669  INFO 4620 --- [XNIO-1 I/O-4] lavalink.server.io.SocketServer          : {"guildId":"730221987804217365","op":"destroy"}
2020-11-16 01:32:31.727  INFO 4620 --- [XNIO-1 I/O-4] lavalink.server.io.SocketServer          : {"guildId":"730221987804217365","sessionId":"b2c40230a397feceb52100404f019ba8","event":{"token":"ca7d6bd4d3c97041","endpoint":"us-west6146.discord.media:443"},"op":"voiceUpdate"}
2020-11-16 01:33:23.625  INFO 4620 --- [XNIO-1 task-4] l.server.player.AudioLoaderRestHandler   : Got request to load for identifier "worlds collide pluffaduff"
2020-11-16 01:33:23.641  INFO 4620 --- [lava-daemon-pool-info-loader-2-thread-1] lavalink.server.player.AudioLoader       : No matches found
2020-11-16 01:33:36.039  INFO 4620 --- [XNIO-1 I/O-4] lavalink.server.io.SocketServer          : {"guildId":"730221987804217365","op":"stop"}
2020-11-16 01:33:36.040  INFO 4620 --- [XNIO-1 I/O-4] lavalink.server.io.SocketServer          : {"guildId":"730221987804217365","op":"destroy"}
2020-11-16 01:34:12.787  INFO 4620 --- [XNIO-1 I/O-4] lavalink.server.io.SocketServer          : Connection closed from /127.0.0.1:57556 -- CloseStatus[code=1000, reason=Requested.]
2020-11-16 01:34:12.790  INFO 4620 --- [XNIO-1 I/O-4] lavalink.server.io.SocketContext         : Shutting down 0 playing players.
2020-11-16 01:35:03.458  INFO 4620 --- [XNIO-1 task-6] l.server.io.HandshakeInterceptorImpl     : Incoming connection from /127.0.0.1:57576
2020-11-16 01:35:03.469  INFO 4620 --- [XNIO-1 task-6] lavalink.server.io.SocketServer          : Connection successfully established from /127.0.0.1:57576
2020-11-16 01:35:12.878  INFO 4620 --- [XNIO-1 I/O-4] lavalink.server.io.SocketServer          : {"guildId":"730221987804217365","sessionId":"f0425cb1db2a77108d48349270be2b46","event":{"token":"0baed7836f9a66b4","endpoint":"us-west4833.discord.media:443"},"op":"voiceUpdate"}
2020-11-16 01:35:20.752  INFO 4620 --- [XNIO-1 task-7] l.server.player.AudioLoaderRestHandler   : Got request to load for identifier "Worlds Collide (Full Album)"
2020-11-16 01:35:20.753  INFO 4620 --- [lava-daemon-pool-info-loader-2-thread-1] lavalink.server.player.AudioLoader       : No matches found
2020-11-16 01:36:03.511  INFO 4620 --- [XNIO-1 task-9] l.server.player.AudioLoaderRestHandler   : Got request to load for identifier "lofi mix"
2020-11-16 01:36:03.514  INFO 4620 --- [lava-daemon-pool-info-loader-2-thread-1] lavalink.server.player.AudioLoader       : No matches found
2020-11-16 01:36:20.453  INFO 4620 --- [XNIO-1 I/O-4] lavalink.server.io.SocketServer          : {"guildId":"730221987804217365","op":"stop"}
2020-11-16 01:36:20.456  INFO 4620 --- [XNIO-1 I/O-4] lavalink.server.io.SocketServer          : {"guildId":"730221987804217365","op":"destroy"}
2020-11-16 01:36:23.888  INFO 4620 --- [XNIO-1 I/O-4] lavalink.server.io.SocketServer          : Connection closed from /127.0.0.1:57576 -- CloseStatus[code=1000, reason=Requested.]
2020-11-16 01:36:23.889  INFO 4620 --- [XNIO-1 I/O-4] lavalink.server.io.SocketContext         : Shutting down 0 playing players.
2020-11-16 01:37:32.514  INFO 4620 --- [XNIO-1 task-11] l.server.io.HandshakeInterceptorImpl     : Incoming connection from /127.0.0.1:57592
2020-11-16 01:37:32.529  INFO 4620 --- [XNIO-1 task-11] lavalink.server.io.SocketServer          : Connection successfully established from /127.0.0.1:57592
2020-11-16 01:37:41.123  INFO 4620 --- [XNIO-1 I/O-4] lavalink.server.io.SocketServer          : {"guildId":"730221987804217365","sessionId":"b75991abf9072c73d6b08d73aab639b5","event":{"token":"c88735d5815ce10b","endpoint":"us-west1080.discord.media:443"},"op":"voiceUpdate"}
2020-11-16 01:37:52.284  INFO 4620 --- [XNIO-1 task-12] l.server.player.AudioLoaderRestHandler   : Got request to load for identifier "how long"
2020-11-16 01:37:52.285  INFO 4620 --- [lava-daemon-pool-info-loader-2-thread-1] lavalink.server.player.AudioLoader       : No matches found
2020-11-16 01:38:13.805  INFO 4620 --- [XNIO-1 I/O-4] lavalink.server.io.SocketServer          : Connection closed from /127.0.0.1:57592 -- CloseStatus[code=1006, reason=]
2020-11-16 01:38:13.812  INFO 4620 --- [XNIO-1 I/O-4] lavalink.server.io.SocketContext         : Shutting down 0 playing players.
2020-11-16 01:39:17.960  INFO 4620 --- [XNIO-1 task-14] l.server.io.HandshakeInterceptorImpl     : Incoming connection from /127.0.0.1:57604
2020-11-16 01:39:17.967  INFO 4620 --- [XNIO-1 task-14] lavalink.server.io.SocketServer          : Connection successfully established from /127.0.0.1:57604
2020-11-16 01:39:32.774  INFO 4620 --- [XNIO-1 I/O-4] lavalink.server.io.SocketServer          : {"guildId":"730221987804217365","sessionId":"503d5a5b65514f117b23e5ac459aed42","event":{"token":"7777428e218c8cb5","endpoint":"us-west1080.discord.media:443"},"op":"voiceUpdate"}
2020-11-16 01:39:42.202  INFO 4620 --- [XNIO-1 task-15] l.server.player.AudioLoaderRestHandler   : Got request to load for identifier "ytsearch:lofi mix"
2020-11-16 01:39:43.592  INFO 4620 --- [lava-daemon-pool-info-loader-2-thread-1] lavalink.server.player.AudioLoader       : Loaded playlist Search results for: lofi mix
2020-11-16 01:39:43.754  INFO 4620 --- [XNIO-1 I/O-4] lavalink.server.io.SocketServer          : {"endTime":3229000,"track":"QAAA2AIAdU5o4buvbmcgQuG6o24gTG9maSBGcmVhayBEIE1peCBOaOG6uSBOaMOgbmcgQ\u002BG7sWMgQ2hpbGwgLSBQaOG7kSBDxakgQ8OybiBBbmggLSBOaOG6oWMgTG9maSBWaeG7h3QgQnXhu5NuIFTDom0gVHLhuqFuZwAJSOG6oSBTYW5nAAAAAAAxRUgAC01NeTlSa2Y4ZG13AAEAK2h0dHBzOi8vd3d3LnlvdXR1YmUuY29tL3dhdGNoP3Y9TU15OVJrZjhkbXcAB3lvdXR1YmUAAAAAAAAAAA==","noReplace":false,"startTime":0,"guildId":"730221987804217365","op":"play"}
2020-11-16 01:40:03.237  INFO 4620 --- [XNIO-1 I/O-4] lavalink.server.io.SocketServer          : {"pause":true,"guildId":"730221987804217365","op":"pause"}
2020-11-16 01:40:26.835  INFO 4620 --- [XNIO-1 task-17] l.server.player.AudioLoaderRestHandler   : Got request to load for identifier "ytsearch:worlds collide (full album)"
2020-11-16 01:40:27.329  INFO 4620 --- [lava-daemon-pool-info-loader-2-thread-1] lavalink.server.player.AudioLoader       : Loaded playlist Search results for: worlds collide (full album)
2020-11-16 01:40:31.074  INFO 4620 --- [XNIO-1 I/O-4] lavalink.server.io.SocketServer          : {"endTime":1537000,"track":"QAAAfwIAG1dvcmxkcyBDb2xsaWRlIChGdWxsIEFsYnVtKQAKcGx1ZmZhZHVmZgAAAAAAF3PoAAtNRGlNY3huNjV4RQABACtodHRwczovL3d3dy55b3V0dWJlLmNvbS93YXRjaD92PU1EaU1jeG42NXhFAAd5b3V0dWJlAAAAAAAAAAA=","noReplace":false,"startTime":0,"guildId":"730221987804217365","op":"play"}
2020-11-16 01:41:33.034  INFO 4620 --- [XNIO-1 I/O-4] lavalink.server.io.SocketServer          : {"guildId":"730221987804217365","op":"stop"}
2020-11-16 01:41:33.069  INFO 4620 --- [XNIO-1 I/O-4] lavalink.server.io.SocketServer          : {"guildId":"730221987804217365","op":"destroy"}
2020-11-16 01:41:40.096  INFO 4620 --- [XNIO-1 I/O-4] lavalink.server.io.SocketServer          : Connection closed from /127.0.0.1:57604 -- CloseStatus[code=1000, reason=Requested.]
2020-11-16 01:41:40.097  INFO 4620 --- [XNIO-1 I/O-4] lavalink.server.io.SocketContext         : Shutting down 0 playing players.
2020-11-16 01:42:04.184  INFO 4620 --- [XNIO-1 task-19] l.server.io.HandshakeInterceptorImpl     : Incoming connection from /127.0.0.1:57622
2020-11-16 01:42:04.190  INFO 4620 --- [XNIO-1 task-19] lavalink.server.io.SocketServer          : Connection successfully established from /127.0.0.1:57622
2020-11-16 01:42:34.670  INFO 4620 --- [XNIO-1 I/O-2] lavalink.server.io.SocketServer          : {"guildId":"767618057447145492","sessionId":"eb44dbfee4af7ea655dc73f6c46b7283","event":{"token":"955c3a1b0e8d103b","endpoint":"singapore4469.discord.media:443"},"op":"voiceUpdate"}
2020-11-16 01:42:40.039  INFO 4620 --- [XNIO-1 I/O-2] lavalink.server.io.SocketServer          : {"guildId":"767618057447145492","op":"stop"}
2020-11-16 01:42:40.041  INFO 4620 --- [XNIO-1 I/O-2] lavalink.server.io.SocketServer          : {"guildId":"767618057447145492","op":"destroy"}
2020-11-16 01:42:43.277  INFO 4620 --- [XNIO-1 I/O-2] lavalink.server.io.SocketServer          : {"guildId":"767618057447145492","sessionId":"eb44dbfee4af7ea655dc73f6c46b7283","event":{"token":"ce18fa0476014b96","endpoint":"singapore4469.discord.media:443"},"op":"voiceUpdate"}
2020-11-16 01:43:00.819  INFO 4620 --- [XNIO-1 task-20] l.server.player.AudioLoaderRestHandler   : Got request to load for identifier "ytsearch:these are the same songs right"
2020-11-16 01:43:01.308  INFO 4620 --- [lava-daemon-pool-info-loader-2-thread-1] lavalink.server.player.AudioLoader       : Loaded playlist Search results for: these are the same songs right
2020-11-16 01:43:01.344  INFO 4620 --- [XNIO-1 I/O-2] lavalink.server.io.SocketServer          : {"endTime":73000,"track":"QAAAhgIAHVRoZXNlIGFyZSB0aGUgc2FtZSBzb25nIHJpZ2h0AA9EYXltYW5PdXJTYXZpb3IAAAAAAAEdKAALTEM0Ym51NVB4WDQAAQAraHR0cHM6Ly93d3cueW91dHViZS5jb20vd2F0Y2g/dj1MQzRibnU1UHhYNAAHeW91dHViZQAAAAAAAAAA","noReplace":false,"startTime":0,"guildId":"767618057447145492","op":"play"}
2020-11-16 01:43:26.824  INFO 4620 --- [XNIO-1 I/O-2] lavalink.server.io.SocketServer          : {"pause":true,"guildId":"767618057447145492","op":"pause"}
2020-11-16 01:43:32.210  INFO 4620 --- [XNIO-1 I/O-2] lavalink.server.io.SocketServer          : {"guildId":"767618057447145492","op":"stop"}
2020-11-16 01:43:32.213  INFO 4620 --- [XNIO-1 I/O-2] lavalink.server.io.SocketServer          : {"guildId":"767618057447145492","op":"destroy"}
2020-11-16 01:45:30.888  INFO 4620 --- [XNIO-1 I/O-2] lavalink.server.io.SocketServer          : Connection closed from /127.0.0.1:57622 -- CloseStatus[code=1000, reason=Requested.]
2020-11-16 01:45:30.890  INFO 4620 --- [XNIO-1 I/O-2] lavalink.server.io.SocketContext         : Shutting down 0 playing players.
2020-11-16 01:49:33.739  INFO 4620 --- [XNIO-1 task-22] l.server.io.HandshakeInterceptorImpl     : Incoming connection from /127.0.0.1:57702
2020-11-16 01:49:33.746  INFO 4620 --- [XNIO-1 task-22] lavalink.server.io.SocketServer          : Connection successfully established from /127.0.0.1:57702
2020-11-16 01:50:02.279  INFO 4620 --- [XNIO-1 I/O-2] lavalink.server.io.SocketServer          : {"guildId":"767618057447145492","sessionId":"726d653c5cb4c03f3be42b52f0dcca5c","event":{"token":"9c54dc67f46f9764","endpoint":"singapore264.discord.media:443"},"op":"voiceUpdate"}
2020-11-16 01:50:17.023  INFO 4620 --- [XNIO-1 I/O-2] lavalink.server.io.SocketServer          : Connection closed from /127.0.0.1:57702 -- CloseStatus[code=1006, reason=]
2020-11-16 01:50:17.024  INFO 4620 --- [XNIO-1 I/O-2] lavalink.server.io.SocketContext         : Shutting down 0 playing players.
2020-11-16 02:03:52.257  INFO 11324 --- [main] lavalink.server.Launcher                 : 

[32m       .  [31m _                  _ _       _    [32m__ _ _
[32m      /\\ [31m| | __ ___   ____ _| (_)_ __ | | __[32m\ \ \ \
[32m     ( ( )[31m| |/ _` \ \ / / _` | | | '_ \| |/ /[32m \ \ \ \
[32m      \\/ [31m| | (_| |\ V / (_| | | | | | |   < [32m  ) ) ) )
[32m       '  [31m|_|\__,_| \_/ \__,_|_|_|_| |_|_|\_\[32m / / / /
[0m    =========================================[32m/_/_/_/[0m

	Version:        3.3.2.1
	Build:          1132
	Build time:     28.10.2020 21:44:36 UTC
	Branch          master
	Commit:         833f72e
	Commit time:    28.10.2020 21:39:31 UTC
	JVM:            15.0.1
	Lavaplayer      1.3.53

2020-11-16 02:03:52.613  INFO 11324 --- [main] lavalink.server.Launcher                 : Starting Launcher on Ribs with PID 11324 (C:\Users\Admin\source\repos\Bibs_Discord.NET\Bibs_Discord.NET\Lavalink\Lavalink.jar started by Admin in C:\Users\Admin\source\repos\Bibs_Discord.NET\Bibs_Discord.NET\Lavalink)
2020-11-16 02:03:52.619  INFO 11324 --- [main] lavalink.server.Launcher                 : No active profile set, falling back to default profiles: default
2020-11-16 02:03:53.129  WARN 11324 --- [background-preinit] o.s.h.c.j.Jackson2ObjectMapperBuilder    : For Jackson Kotlin classes support please add "com.fasterxml.jackson.module:jackson-module-kotlin" to the classpath
2020-11-16 02:03:57.544  WARN 11324 --- [main] io.undertow.websockets.jsr               : UT026010: Buffer pool was not set on WebSocketDeploymentInfo, the default pool will be used
2020-11-16 02:03:57.619  INFO 11324 --- [main] io.undertow.servlet                      : Initializing Spring embedded WebApplicationContext
2020-11-16 02:03:57.620  INFO 11324 --- [main] o.s.web.context.ContextLoader            : Root WebApplicationContext: initialization completed in 4686 ms
2020-11-16 02:03:58.969  WARN 11324 --- [main] l.server.config.SentryConfiguration      : Turning off sentry
2020-11-16 02:03:59.855  INFO 11324 --- [main] c.s.d.l.tools.GarbageCollectionMonitor   : GC monitoring enabled, reporting results every 2 minutes.
2020-11-16 02:04:00.656  INFO 11324 --- [main] lavalink.server.config.KoeConfiguration  : OS: Windows 10, Arch: amd64
2020-11-16 02:04:00.657  WARN 11324 --- [main] lavalink.server.config.KoeConfiguration  : This system and architecture appears to not support native audio sending! GC pauses may cause your bot to stutter during playback.
2020-11-16 02:04:01.346  INFO 11324 --- [main] o.s.s.concurrent.ThreadPoolTaskExecutor  : Initializing ExecutorService 'applicationTaskExecutor'
2020-11-16 02:04:02.818  INFO 11324 --- [main] org.xnio                                 : XNIO version 3.3.8.Final
2020-11-16 02:04:02.844  INFO 11324 --- [main] org.xnio.nio                             : XNIO NIO Implementation Version 3.3.8.Final
2020-11-16 02:04:03.004  INFO 11324 --- [main] o.s.b.w.e.u.UndertowServletWebServer     : Undertow started on port(s) 2333 (http) with context path ''
2020-11-16 02:04:03.023  INFO 11324 --- [main] lavalink.server.Launcher                 : Started Launcher in 12.286 seconds (JVM running for 13.825)
2020-11-16 02:04:03.027  INFO 11324 --- [main] lavalink.server.Launcher                 : You can safely ignore the big red warning about illegal reflection. See https://github.com/Frederikam/Lavalink/issues/295
2020-11-16 02:14:10.235  INFO 13220 --- [main] lavalink.server.Launcher                 : 

[32m       .  [31m _                  _ _       _    [32m__ _ _
[32m      /\\ [31m| | __ ___   ____ _| (_)_ __ | | __[32m\ \ \ \
[32m     ( ( )[31m| |/ _` \ \ / / _` | | | '_ \| |/ /[32m \ \ \ \
[32m      \\/ [31m| | (_| |\ V / (_| | | | | | |   < [32m  ) ) ) )
[32m       '  [31m|_|\__,_| \_/ \__,_|_|_|_| |_|_|\_\[32m / / / /
[0m    =========================================[32m/_/_/_/[0m

	Version:        3.3.2.1
	Build:          1132
	Build time:     28.10.2020 21:44:36 UTC
	Branch          master
	Commit:         833f72e
	Commit time:    28.10.2020 21:39:31 UTC
	JVM:            15.0.1
	Lavaplayer      1.3.53

2020-11-16 02:14:10.556  INFO 13220 --- [main] lavalink.server.Launcher                 : Starting Launcher on Ribs with PID 13220 (C:\Users\Admin\source\repos\Bibs_Discord.NET\Bibs_Discord.NET\Lavalink\Lavalink.jar started by Admin in C:\Users\Admin\source\repos\Bibs_Discord.NET\Bibs_Discord.NET\Lavalink)
2020-11-16 02:14:10.557  INFO 13220 --- [main] lavalink.server.Launcher                 : No active profile set, falling back to default profiles: default
2020-11-16 02:14:10.919  WARN 13220 --- [background-preinit] o.s.h.c.j.Jackson2ObjectMapperBuilder    : For Jackson Kotlin classes support please add "com.fasterxml.jackson.module:jackson-module-kotlin" to the classpath
2020-11-16 02:14:17.005  WARN 13220 --- [main] io.undertow.websockets.jsr               : UT026010: Buffer pool was not set on WebSocketDeploymentInfo, the default pool will be used
2020-11-16 02:14:17.082  INFO 13220 --- [main] io.undertow.servlet                      : Initializing Spring embedded WebApplicationContext
2020-11-16 02:14:17.084  INFO 13220 --- [main] o.s.web.context.ContextLoader            : Root WebApplicationContext: initialization completed in 6335 ms
2020-11-16 02:14:18.952  WARN 13220 --- [main] l.server.config.SentryConfiguration      : Turning off sentry
2020-11-16 02:14:21.128  INFO 13220 --- [main] c.s.d.l.tools.GarbageCollectionMonitor   : GC monitoring enabled, reporting results every 2 minutes.
2020-11-16 02:14:22.200  INFO 13220 --- [main] lavalink.server.config.KoeConfiguration  : OS: Windows 10, Arch: amd64
2020-11-16 02:14:22.201  WARN 13220 --- [main] lavalink.server.config.KoeConfiguration  : This system and architecture appears to not support native audio sending! GC pauses may cause your bot to stutter during playback.
2020-11-16 02:14:23.411  INFO 13220 --- [main] o.s.s.concurrent.ThreadPoolTaskExecutor  : Initializing ExecutorService 'applicationTaskExecutor'
2020-11-16 02:14:25.364  INFO 13220 --- [main] org.xnio                                 : XNIO version 3.3.8.Final
2020-11-16 02:14:25.395  INFO 13220 --- [main] org.xnio.nio                             : XNIO NIO Implementation Version 3.3.8.Final
2020-11-16 02:14:25.628  INFO 13220 --- [main] o.s.b.w.e.u.UndertowServletWebServer     : Undertow started on port(s) 2333 (http) with context path ''
2020-11-16 02:14:25.695  INFO 13220 --- [main] lavalink.server.Launcher                 : Started Launcher in 17.18 seconds (JVM running for 19.175)
2020-11-16 02:14:25.701  INFO 13220 --- [main] lavalink.server.Launcher                 : You can safely ignore the big red warning about illegal reflection. See https://github.com/Frederikam/Lavalink/issues/295
2020-11-16 02:17:53.421  INFO 13220 --- [XNIO-1 task-1] io.undertow.servlet                      : Initializing Spring DispatcherServlet 'dispatcherServlet'
2020-11-16 02:17:53.421  INFO 13220 --- [XNIO-1 task-1] o.s.web.servlet.DispatcherServlet        : Initializing Servlet 'dispatcherServlet'
2020-11-16 02:17:53.431  INFO 13220 --- [XNIO-1 task-1] o.s.web.servlet.DispatcherServlet        : Completed initialization in 9 ms
2020-11-16 02:17:53.508  INFO 13220 --- [XNIO-1 task-1] l.server.io.HandshakeInterceptorImpl     : Incoming connection from /127.0.0.1:50855
2020-11-16 02:17:53.735  INFO 13220 --- [XNIO-1 task-1] lavalink.server.io.SocketServer          : Connection successfully established from /127.0.0.1:50855
2020-11-16 02:18:11.409  INFO 13220 --- [XNIO-1 I/O-3] lavalink.server.io.SocketServer          : {"guildId":"767618057447145492","sessionId":"533627b04f6601ab8b5b4d10c4f6d9d7","event":{"token":"c5a36af231184576","endpoint":"singapore648.discord.media:443"},"op":"voiceUpdate"}
2020-11-16 02:18:16.491  INFO 13220 --- [XNIO-1 I/O-3] lavalink.server.io.SocketServer          : {"guildId":"767618057447145492","op":"stop"}
2020-11-16 02:18:16.507  INFO 13220 --- [XNIO-1 I/O-3] lavalink.server.io.SocketServer          : {"guildId":"767618057447145492","op":"destroy"}
2020-11-16 02:18:31.389  INFO 13220 --- [XNIO-1 I/O-3] lavalink.server.io.SocketServer          : Connection closed from /127.0.0.1:50855 -- CloseStatus[code=1006, reason=]
2020-11-16 02:18:31.412  INFO 13220 --- [XNIO-1 I/O-3] lavalink.server.io.SocketContext         : Shutting down 0 playing players.
2020-11-16 02:19:06.974  INFO 13220 --- [XNIO-1 task-2] l.server.io.HandshakeInterceptorImpl     : Incoming connection from /127.0.0.1:50868
2020-11-16 02:19:06.984  INFO 13220 --- [XNIO-1 task-2] lavalink.server.io.SocketServer          : Connection successfully established from /127.0.0.1:50868
2020-11-16 02:19:12.879  INFO 13220 --- [XNIO-1 I/O-4] lavalink.server.io.SocketServer          : {"guildId":"767618057447145492","sessionId":"9af9c8ab5c989957524a41289d29c514","event":{"token":"6f9512529eb55e00","endpoint":"singapore692.discord.media:443"},"op":"voiceUpdate"}
2020-11-16 02:19:19.863  INFO 13220 --- [XNIO-1 I/O-4] lavalink.server.io.SocketServer          : {"guildId":"767618057447145492","op":"stop"}
2020-11-16 02:19:19.866  INFO 13220 --- [XNIO-1 I/O-4] lavalink.server.io.SocketServer          : {"guildId":"767618057447145492","op":"destroy"}
2020-11-16 02:19:40.237  INFO 13220 --- [XNIO-1 I/O-4] lavalink.server.io.SocketServer          : Connection closed from /127.0.0.1:50868 -- CloseStatus[code=1000, reason=Requested.]
2020-11-16 02:19:40.238  INFO 13220 --- [XNIO-1 I/O-4] lavalink.server.io.SocketContext         : Shutting down 0 playing players.
2020-11-16 02:20:04.563  INFO 13220 --- [XNIO-1 task-3] l.server.io.HandshakeInterceptorImpl     : Incoming connection from /127.0.0.1:50875
2020-11-16 02:20:04.569  INFO 13220 --- [XNIO-1 task-3] lavalink.server.io.SocketServer          : Connection successfully established from /127.0.0.1:50875
2020-11-16 02:21:58.462  INFO 13220 --- [XNIO-1 I/O-3] lavalink.server.io.SocketServer          : {"guildId":"767618057447145492","sessionId":"fb2818eeba2d9e65e0abf5ea9f32c607","event":{"token":"cb60b9974136846e","endpoint":"singapore8019.discord.media:443"},"op":"voiceUpdate"}
2020-11-16 02:22:05.956  INFO 13220 --- [XNIO-1 task-4] l.server.player.AudioLoaderRestHandler   : Got request to load for identifier "ytsearch:these are the same songs right?"
2020-11-16 02:22:07.310  INFO 13220 --- [lava-daemon-pool-info-loader-2-thread-1] lavalink.server.player.AudioLoader       : Loaded playlist Search results for: these are the same songs right?
2020-11-16 02:22:07.407  INFO 13220 --- [XNIO-1 I/O-3] lavalink.server.io.SocketServer          : {"endTime":73000,"track":"QAAAhgIAHVRoZXNlIGFyZSB0aGUgc2FtZSBzb25nIHJpZ2h0AA9EYXltYW5PdXJTYXZpb3IAAAAAAAEdKAALTEM0Ym51NVB4WDQAAQAraHR0cHM6Ly93d3cueW91dHViZS5jb20vd2F0Y2g/dj1MQzRibnU1UHhYNAAHeW91dHViZQAAAAAAAAAA","noReplace":false,"startTime":0,"guildId":"767618057447145492","op":"play"}
2020-11-16 02:23:34.836  INFO 13220 --- [XNIO-1 task-6] l.server.player.AudioLoaderRestHandler   : Got request to load for identifier "ytsearch:worlds collide full albumb"
2020-11-16 02:23:35.350  INFO 13220 --- [lava-daemon-pool-info-loader-2-thread-1] lavalink.server.player.AudioLoader       : Loaded playlist Search results for: worlds collide full albumb
2020-11-16 02:23:35.376  INFO 13220 --- [XNIO-1 I/O-3] lavalink.server.io.SocketServer          : {"endTime":1537000,"track":"QAAAfwIAG1dvcmxkcyBDb2xsaWRlIChGdWxsIEFsYnVtKQAKcGx1ZmZhZHVmZgAAAAAAF3PoAAtNRGlNY3huNjV4RQABACtodHRwczovL3d3dy55b3V0dWJlLmNvbS93YXRjaD92PU1EaU1jeG42NXhFAAd5b3V0dWJlAAAAAAAAAAA=","noReplace":false,"startTime":0,"guildId":"767618057447145492","op":"play"}
2020-11-16 02:24:05.829  INFO 13220 --- [XNIO-1 I/O-3] lavalink.server.io.SocketServer          : {"guildId":"730221987804217365","sessionId":"fb2818eeba2d9e65e0abf5ea9f32c607","event":{"token":"cada3d1d41946294","endpoint":"us-west7205.discord.media:443"},"op":"voiceUpdate"}
2020-11-16 02:24:27.045  INFO 13220 --- [XNIO-1 task-8] l.server.player.AudioLoaderRestHandler   : Got request to load for identifier "ytsearch:world in conflict ost"
2020-11-16 02:24:27.503  INFO 13220 --- [lava-daemon-pool-info-loader-2-thread-1] lavalink.server.player.AudioLoader       : Loaded playlist Search results for: world in conflict ost
2020-11-16 02:24:27.530  INFO 13220 --- [XNIO-1 I/O-3] lavalink.server.io.SocketServer          : {"endTime":4866000,"track":"QAAAhwIAI1dvcmxkIEluIENvbmZsaWN0IFNvdW5kdHJhY2sgLSBGdWxsAApadmV6ZGExOTgxAAAAAABKP9AAC2NFYm1sTFBJc1BzAAEAK2h0dHBzOi8vd3d3LnlvdXR1YmUuY29tL3dhdGNoP3Y9Y0VibWxMUElzUHMAB3lvdXR1YmUAAAAAAAAAAA==","noReplace":false,"startTime":0,"guildId":"730221987804217365","op":"play"}
2020-11-16 02:27:28.703  INFO 13220 --- [XNIO-1 I/O-3] lavalink.server.io.SocketServer          : {"guildId":"664815578652868618","sessionId":"fb2818eeba2d9e65e0abf5ea9f32c607","event":{"token":"c85126f2d9282ce8","endpoint":"us-south8141.discord.media:443"},"op":"voiceUpdate"}
2020-11-16 02:27:41.910  INFO 13220 --- [XNIO-1 task-10] l.server.player.AudioLoaderRestHandler   : Got request to load for identifier "ytsearch:https://www.youtube.com/watch?v=z2J9Sv9zN7U"
2020-11-16 02:27:42.326  INFO 13220 --- [lava-daemon-pool-info-loader-2-thread-1] lavalink.server.player.AudioLoader       : Loaded playlist Search results for: https://www.youtube.com/watch?v=z2J9Sv9zN7U
2020-11-16 02:27:42.383  INFO 13220 --- [XNIO-1 I/O-3] lavalink.server.io.SocketServer          : {"endTime":221000,"track":"QAAAewIAHVtNVl0gUDVEIC0gR1JPT1ZZIChGdWxsIHZlci4pAARUTlRTAAAAAAADX0gAC3oySjlTdjl6TjdVAAEAK2h0dHBzOi8vd3d3LnlvdXR1YmUuY29tL3dhdGNoP3Y9ejJKOVN2OXpON1UAB3lvdXR1YmUAAAAAAAAAAA==","noReplace":false,"startTime":0,"guildId":"664815578652868618","op":"play"}
2020-11-16 02:28:14.363  INFO 13220 --- [XNIO-1 I/O-3] lavalink.server.io.SocketServer          : {"pause":true,"guildId":"664815578652868618","op":"pause"}
2020-11-16 02:28:22.961  INFO 13220 --- [XNIO-1 I/O-3] lavalink.server.io.SocketServer          : {"pause":false,"guildId":"664815578652868618","op":"pause"}
2020-11-16 02:29:00.696  INFO 13220 --- [XNIO-1 task-12] l.server.player.AudioLoaderRestHandler   : Got request to load for identifier "ytsearch:https://www.youtube.com/watch?v=KnLIwC713hU"
2020-11-16 02:29:01.025  INFO 13220 --- [lava-daemon-pool-info-loader-2-thread-1] lavalink.server.player.AudioLoader       : Loaded playlist Search results for: https://www.youtube.com/watch?v=KnLIwC713hU
2020-11-16 02:29:11.235  INFO 13220 --- [XNIO-1 I/O-3] lavalink.server.io.SocketServer          : {"endTime":229000,"track":"QAAAugIAV\u002BOAkOODmuODq\u002BOCveODijQg44OA44Oz44K344Oz44Kw44O744Kq44O844Or44OK44Kk44OI44CR5Li76aGM5q2M44CMRGFuY2Uh44CNIOWFrOmWi\u002B\u002B8gQAJYXRsdXN0dWJlAAAAAAADfogAC0tuTEl3QzcxM2hVAAEAK2h0dHBzOi8vd3d3LnlvdXR1YmUuY29tL3dhdGNoP3Y9S25MSXdDNzEzaFUAB3lvdXR1YmUAAAAAAAAAAA==","noReplace":false,"startTime":0,"guildId":"664815578652868618","op":"play"}
2020-11-16 02:30:26.373  INFO 13220 --- [XNIO-1 I/O-3] lavalink.server.io.SocketServer          : {"guildId":"730221987804217365","op":"stop"}
2020-11-16 02:30:26.382  INFO 13220 --- [XNIO-1 I/O-3] lavalink.server.io.SocketServer          : {"guildId":"730221987804217365","op":"destroy"}
2020-11-16 02:31:44.367  INFO 13220 --- [XNIO-1 task-14] l.server.player.AudioLoaderRestHandler   : Got request to load for identifier "ytsearch:https://www.youtube.com/watch?v=j2TbwurGAdc&list=PLYrdmzv_Hj4--pnCV7TtmJN54u9JN_5Ix&index=1"
2020-11-16 02:31:44.681  INFO 13220 --- [lava-daemon-pool-info-loader-2-thread-1] lavalink.server.player.AudioLoader       : No matches found
2020-11-16 02:33:16.286  INFO 13220 --- [XNIO-1 task-16] l.server.player.AudioLoaderRestHandler   : Got request to load for identifier "ytsearch:https://www.youtube.com/watch?v=j2TbwurGAdc"
2020-11-16 02:33:16.550  INFO 13220 --- [lava-daemon-pool-info-loader-2-thread-1] lavalink.server.player.AudioLoader       : No matches found
2020-11-16 02:33:49.542  INFO 13220 --- [XNIO-1 task-18] l.server.player.AudioLoaderRestHandler   : Got request to load for identifier "ytsearch:https://www.youtube.com/watch?v=rzyS0AfPRro&list=PLYrdmzv_Hj4--pnCV7TtmJN54u9JN_5Ix&index=4"
2020-11-16 02:33:49.803  INFO 13220 --- [lava-daemon-pool-info-loader-2-thread-1] lavalink.server.player.AudioLoader       : No matches found
2020-11-16 02:34:03.069  INFO 13220 --- [XNIO-1 task-20] l.server.player.AudioLoaderRestHandler   : Got request to load for identifier "ytsearch:https://www.youtube.com/watch?v=rzyS0AfPRro"
2020-11-16 02:34:03.426  INFO 13220 --- [lava-daemon-pool-info-loader-2-thread-1] lavalink.server.player.AudioLoader       : Loaded playlist Search results for: https://www.youtube.com/watch?v=rzyS0AfPRro
2020-11-16 02:34:03.433  INFO 13220 --- [XNIO-1 I/O-3] lavalink.server.io.SocketServer          : {"endTime":217000,"track":"QAAAfwIAIVtNVl0gUDNEIC0gT3VyIE1vbWVudCAoRnVsbCB2ZXIuKQAEVE5UUwAAAAAAA0\u002BoAAtyenlTMEFmUFJybwABACtodHRwczovL3d3dy55b3V0dWJlLmNvbS93YXRjaD92PXJ6eVMwQWZQUnJvAAd5b3V0dWJlAAAAAAAAAAA=","noReplace":false,"startTime":0,"guildId":"664815578652868618","op":"play"}
2020-11-16 02:37:46.636  INFO 13220 --- [XNIO-1 I/O-3] lavalink.server.io.SocketServer          : {"guildId":"664815578652868618","op":"stop"}
2020-11-16 02:37:46.638  INFO 13220 --- [XNIO-1 I/O-3] lavalink.server.io.SocketServer          : {"guildId":"664815578652868618","op":"destroy"}
2020-11-16 02:41:21.188  INFO 13220 --- [XNIO-1 task-22] l.server.player.AudioLoaderRestHandler   : Got request to load for identifier "ytsearch:these are the same song right"
2020-11-16 02:41:21.782  INFO 13220 --- [lava-daemon-pool-info-loader-2-thread-1] lavalink.server.player.AudioLoader       : Loaded playlist Search results for: these are the same song right
2020-11-16 02:42:21.390  INFO 13220 --- [XNIO-1 task-24] l.server.player.AudioLoaderRestHandler   : Got request to load for identifier "ytsearch:megalovania but the only thing they fear is you"
2020-11-16 02:42:21.836  INFO 13220 --- [lava-daemon-pool-info-loader-2-thread-1] lavalink.server.player.AudioLoader       : Loaded playlist Search results for: megalovania but the only thing they fear is you
2020-11-16 02:42:27.645  INFO 13220 --- [XNIO-1 I/O-3] lavalink.server.io.SocketServer          : {"guildId":"664815578652868618","sessionId":"fb2818eeba2d9e65e0abf5ea9f32c607","event":{"token":"f405135c4771888f","endpoint":"us-south3692.discord.media:443"},"op":"voiceUpdate"}
2020-11-16 02:42:36.366  INFO 13220 --- [XNIO-1 I/O-3] lavalink.server.io.SocketServer          : {"guildId":"664815578652868618","op":"stop"}
2020-11-16 02:42:36.367  INFO 13220 --- [XNIO-1 I/O-3] lavalink.server.io.SocketServer          : {"guildId":"664815578652868618","op":"destroy"}
2020-11-16 02:42:39.900  INFO 13220 --- [XNIO-1 I/O-3] lavalink.server.io.SocketServer          : {"guildId":"664815578652868618","sessionId":"fb2818eeba2d9e65e0abf5ea9f32c607","event":{"token":"28654b234518354a","endpoint":"us-south3692.discord.media:443"},"op":"voiceUpdate"}
2020-11-16 02:42:55.294  INFO 13220 --- [XNIO-1 task-26] l.server.player.AudioLoaderRestHandler   : Got request to load for identifier "ytsearch:https://www.youtube.com/watch?v=rzyS0AfPRro"
2020-11-16 02:42:55.620  INFO 13220 --- [lava-daemon-pool-info-loader-2-thread-1] lavalink.server.player.AudioLoader       : Loaded playlist Search results for: https://www.youtube.com/watch?v=rzyS0AfPRro
2020-11-16 02:42:55.759  INFO 13220 --- [XNIO-1 I/O-3] lavalink.server.io.SocketServer          : {"endTime":217000,"track":"QAAAfwIAIVtNVl0gUDNEIC0gT3VyIE1vbWVudCAoRnVsbCB2ZXIuKQAEVE5UUwAAAAAAA0\u002BoAAtyenlTMEFmUFJybwABACtodHRwczovL3d3dy55b3V0dWJlLmNvbS93YXRjaD92PXJ6eVMwQWZQUnJvAAd5b3V0dWJlAAAAAAAAAAA=","noReplace":false,"startTime":0,"guildId":"664815578652868618","op":"play"}
2020-11-16 02:43:09.858  INFO 13220 --- [XNIO-1 I/O-3] lavalink.server.io.SocketServer          : {"guildId":"664815578652868618","op":"stop"}
2020-11-16 02:43:09.860  INFO 13220 --- [XNIO-1 I/O-3] lavalink.server.io.SocketServer          : {"guildId":"664815578652868618","op":"destroy"}
2020-11-16 02:43:13.861  INFO 13220 --- [XNIO-1 I/O-3] lavalink.server.io.SocketServer          : {"guildId":"664815578652868618","sessionId":"fb2818eeba2d9e65e0abf5ea9f32c607","event":{"token":"d6865f8866dda448","endpoint":"us-south6120.discord.media:443"},"op":"voiceUpdate"}
2020-11-16 02:43:19.965  INFO 13220 --- [XNIO-1 I/O-3] lavalink.server.io.SocketServer          : {"guildId":"664815578652868618","op":"stop"}
2020-11-16 02:43:19.966  INFO 13220 --- [XNIO-1 I/O-3] lavalink.server.io.SocketServer          : {"guildId":"664815578652868618","op":"destroy"}
2020-11-16 02:43:30.479  INFO 13220 --- [XNIO-1 I/O-3] lavalink.server.io.SocketServer          : {"endTime":73000,"track":"QAAAhgIAHVRoZXNlIGFyZSB0aGUgc2FtZSBzb25nIHJpZ2h0AA9EYXltYW5PdXJTYXZpb3IAAAAAAAEdKAALTEM0Ym51NVB4WDQAAQAraHR0cHM6Ly93d3cueW91dHViZS5jb20vd2F0Y2g/dj1MQzRibnU1UHhYNAAHeW91dHViZQAAAAAAAAAA","noReplace":false,"startTime":0,"guildId":"767618057447145492","op":"play"}
2020-11-16 02:45:21.878  INFO 13220 --- [XNIO-1 task-28] l.server.player.AudioLoaderRestHandler   : Got request to load for identifier "ytsearch:megalovania but the only thing they fear is you"
2020-11-16 02:45:22.338  INFO 13220 --- [lava-daemon-pool-info-loader-2-thread-1] lavalink.server.player.AudioLoader       : Loaded playlist Search results for: megalovania but the only thing they fear is you
2020-11-16 02:45:22.350  INFO 13220 --- [XNIO-1 I/O-3] lavalink.server.io.SocketServer          : {"endTime":384000,"track":"QAAAmAIANU1lZ2Fsb3ZhbmlhLCBidXQgaXQncyBUaGUgT25seSBUaGluZyBUaGV5IEZlYXIgaXMgWW91AAlub3Zha2FzdC4AAAAAAAXcAAALZnp0Ym5HMk05c2cAAQAraHR0cHM6Ly93d3cueW91dHViZS5jb20vd2F0Y2g/dj1menRibkcyTTlzZwAHeW91dHViZQAAAAAAAAAA","noReplace":false,"startTime":0,"guildId":"767618057447145492","op":"play"}
2020-11-16 02:45:48.830  INFO 13220 --- [XNIO-1 task-30] l.server.player.AudioLoaderRestHandler   : Got request to load for identifier "ytsearch:kitchen without gun"
2020-11-16 02:45:49.243  INFO 13220 --- [lava-daemon-pool-info-loader-2-thread-1] lavalink.server.player.AudioLoader       : Loaded playlist Search results for: kitchen without gun
2020-11-16 02:45:58.654  INFO 13220 --- [XNIO-1 task-32] l.server.player.AudioLoaderRestHandler   : Got request to load for identifier "ytsearch:the only thing they fear is youuuuuuuu"
2020-11-16 02:45:59.046  INFO 13220 --- [lava-daemon-pool-info-loader-2-thread-1] lavalink.server.player.AudioLoader       : Loaded playlist Search results for: the only thing they fear is youuuuuuuu
2020-11-16 02:46:13.930  INFO 13220 --- [XNIO-1 I/O-3] lavalink.server.io.SocketServer          : {"endTime":384000,"track":"QAAAmAIANU1lZ2Fsb3ZhbmlhLCBidXQgaXQncyBUaGUgT25seSBUaGluZyBUaGV5IEZlYXIgaXMgWW91AAlub3Zha2FzdC4AAAAAAAXcAAALZnp0Ym5HMk05c2cAAQAraHR0cHM6Ly93d3cueW91dHViZS5jb20vd2F0Y2g/dj1menRibkcyTTlzZwAHeW91dHViZQAAAAAAAAAA","noReplace":false,"startTime":0,"guildId":"767618057447145492","op":"play"}
2020-11-16 02:46:20.675  INFO 13220 --- [XNIO-1 I/O-3] lavalink.server.io.SocketServer          : {"endTime":30000,"track":"QAAAcwIAE0tpdGNoZW4gd2l0aG91dCBndW4ABmluc3RlcAAAAAAAAHUwAAszSzFYUHNKd3N5ZwABACtodHRwczovL3d3dy55b3V0dWJlLmNvbS93YXRjaD92PTNLMVhQc0p3c3lnAAd5b3V0dWJlAAAAAAAAAAA=","noReplace":false,"startTime":0,"guildId":"767618057447145492","op":"play"}
2020-11-16 02:48:05.157  INFO 13220 --- [XNIO-1 I/O-3] lavalink.server.io.SocketServer          : {"guildId":"767618057447145492","op":"stop"}
2020-11-16 02:48:05.159  INFO 13220 --- [XNIO-1 I/O-3] lavalink.server.io.SocketServer          : {"guildId":"767618057447145492","op":"destroy"}
2020-11-16 02:48:21.871  INFO 13220 --- [XNIO-1 I/O-3] lavalink.server.io.SocketServer          : Connection closed from /127.0.0.1:50875 -- CloseStatus[code=1000, reason=Requested.]
2020-11-16 02:48:21.872  INFO 13220 --- [XNIO-1 I/O-3] lavalink.server.io.SocketContext         : Shutting down 0 playing players.
2020-11-16 02:52:00.918  INFO 13220 --- [XNIO-1 task-2] l.server.io.HandshakeInterceptorImpl     : Incoming connection from /127.0.0.1:51105
2020-11-16 02:52:00.926  INFO 13220 --- [XNIO-1 task-2] lavalink.server.io.SocketServer          : Connection successfully established from /127.0.0.1:51105
2020-11-16 02:52:29.326  INFO 13220 --- [XNIO-1 I/O-1] lavalink.server.io.SocketServer          : {"guildId":"767618057447145492","sessionId":"fa9dd6ffea3e355cb2c5cdcc569f97a8","event":{"token":"0aaf83f8a32d1de2","endpoint":"singapore5607.discord.media:443"},"op":"voiceUpdate"}
2020-11-16 02:52:32.620  INFO 13220 --- [XNIO-1 task-3] l.server.player.AudioLoaderRestHandler   : Got request to load for identifier "ytsearch:kitchen without gun"
2020-11-16 02:52:33.179  INFO 13220 --- [lava-daemon-pool-info-loader-2-thread-1] lavalink.server.player.AudioLoader       : Loaded playlist Search results for: kitchen without gun
2020-11-16 02:52:33.225  INFO 13220 --- [XNIO-1 I/O-1] lavalink.server.io.SocketServer          : {"endTime":30000,"track":"QAAAcwIAE0tpdGNoZW4gd2l0aG91dCBndW4ABmluc3RlcAAAAAAAAHUwAAszSzFYUHNKd3N5ZwABACtodHRwczovL3d3dy55b3V0dWJlLmNvbS93YXRjaD92PTNLMVhQc0p3c3lnAAd5b3V0dWJlAAAAAAAAAAA=","noReplace":false,"startTime":0,"guildId":"767618057447145492","op":"play"}
2020-11-16 02:52:44.715  INFO 13220 --- [XNIO-1 task-5] l.server.player.AudioLoaderRestHandler   : Got request to load for identifier "ytsearch:these are the same song right"
2020-11-16 02:52:45.210  INFO 13220 --- [lava-daemon-pool-info-loader-2-thread-1] lavalink.server.player.AudioLoader       : Loaded playlist Search results for: these are the same song right
2020-11-16 02:53:29.518  INFO 13220 --- [XNIO-1 I/O-1] lavalink.server.io.SocketServer          : {"guildId":"767618057447145492","op":"stop"}
2020-11-16 02:53:29.520  INFO 13220 --- [XNIO-1 I/O-1] lavalink.server.io.SocketServer          : {"guildId":"767618057447145492","op":"destroy"}
2020-11-16 02:53:33.783  INFO 13220 --- [XNIO-1 I/O-1] lavalink.server.io.SocketServer          : Connection closed from /127.0.0.1:51105 -- CloseStatus[code=1000, reason=Requested.]
2020-11-16 02:53:33.784  INFO 13220 --- [XNIO-1 I/O-1] lavalink.server.io.SocketContext         : Shutting down 0 playing players.
2020-11-16 02:56:18.075  INFO 13220 --- [XNIO-1 task-7] l.server.io.HandshakeInterceptorImpl     : Incoming connection from /127.0.0.1:51154
2020-11-16 02:56:18.085  INFO 13220 --- [XNIO-1 task-7] lavalink.server.io.SocketServer          : Connection successfully established from /127.0.0.1:51154
2020-11-16 02:56:26.213  INFO 13220 --- [XNIO-1 I/O-2] lavalink.server.io.SocketServer          : {"guildId":"767618057447145492","sessionId":"bb878c36e5466889645827bc6a180aa0","event":{"token":"2b7324be47c1c7b1","endpoint":"singapore230.discord.media:443"},"op":"voiceUpdate"}
2020-11-16 02:56:30.459  INFO 13220 --- [XNIO-1 task-8] l.server.player.AudioLoaderRestHandler   : Got request to load for identifier "ytsearch:kitchen without gun"
2020-11-16 02:56:30.863  INFO 13220 --- [lava-daemon-pool-info-loader-2-thread-1] lavalink.server.player.AudioLoader       : Loaded playlist Search results for: kitchen without gun
2020-11-16 02:56:30.909  INFO 13220 --- [XNIO-1 I/O-2] lavalink.server.io.SocketServer          : {"endTime":30000,"track":"QAAAcwIAE0tpdGNoZW4gd2l0aG91dCBndW4ABmluc3RlcAAAAAAAAHUwAAszSzFYUHNKd3N5ZwABACtodHRwczovL3d3dy55b3V0dWJlLmNvbS93YXRjaD92PTNLMVhQc0p3c3lnAAd5b3V0dWJlAAAAAAAAAAA=","noReplace":false,"startTime":0,"guildId":"767618057447145492","op":"play"}
2020-11-16 02:56:36.854  INFO 13220 --- [XNIO-1 task-10] l.server.player.AudioLoaderRestHandler   : Got request to load for identifier "ytsearch:these are the same song right"
2020-11-16 02:56:37.454  INFO 13220 --- [lava-daemon-pool-info-loader-2-thread-1] lavalink.server.player.AudioLoader       : Loaded playlist Search results for: these are the same song right
2020-11-16 02:58:25.544  INFO 13220 --- [XNIO-1 I/O-2] lavalink.server.io.SocketServer          : {"guildId":"767618057447145492","op":"stop"}
2020-11-16 02:58:25.548  INFO 13220 --- [XNIO-1 I/O-2] lavalink.server.io.SocketServer          : {"guildId":"767618057447145492","op":"destroy"}
2020-11-16 02:58:33.293  INFO 13220 --- [XNIO-1 I/O-2] lavalink.server.io.SocketServer          : Connection closed from /127.0.0.1:51154 -- CloseStatus[code=1000, reason=Requested.]
2020-11-16 02:58:33.293  INFO 13220 --- [XNIO-1 I/O-2] lavalink.server.io.SocketContext         : Shutting down 0 playing players.
2020-11-16 03:05:59.801  INFO 13220 --- [XNIO-1 task-12] l.server.io.HandshakeInterceptorImpl     : Incoming connection from /127.0.0.1:51251
2020-11-16 03:05:59.811  INFO 13220 --- [XNIO-1 task-12] lavalink.server.io.SocketServer          : Connection successfully established from /127.0.0.1:51251
2020-11-16 03:06:05.178  INFO 13220 --- [XNIO-1 I/O-3] lavalink.server.io.SocketServer          : {"guildId":"767618057447145492","sessionId":"a0c2d1f7aa3abab661f3db5423e6d10e","event":{"token":"291e86eb7a1123fa","endpoint":"singapore295.discord.media:443"},"op":"voiceUpdate"}
2020-11-16 03:06:06.873  INFO 13220 --- [XNIO-1 task-13] l.server.player.AudioLoaderRestHandler   : Got request to load for identifier "ytsearch:kitchen without gun"
2020-11-16 03:06:07.546  INFO 13220 --- [lava-daemon-pool-info-loader-2-thread-1] lavalink.server.player.AudioLoader       : Loaded playlist Search results for: kitchen without gun
2020-11-16 03:06:07.594  INFO 13220 --- [XNIO-1 I/O-3] lavalink.server.io.SocketServer          : {"endTime":30000,"track":"QAAAcwIAE0tpdGNoZW4gd2l0aG91dCBndW4ABmluc3RlcAAAAAAAAHUwAAszSzFYUHNKd3N5ZwABACtodHRwczovL3d3dy55b3V0dWJlLmNvbS93YXRjaD92PTNLMVhQc0p3c3lnAAd5b3V0dWJlAAAAAAAAAAA=","noReplace":false,"startTime":0,"guildId":"767618057447145492","op":"play"}
2020-11-16 03:06:13.301  INFO 13220 --- [XNIO-1 task-15] l.server.player.AudioLoaderRestHandler   : Got request to load for identifier "ytsearch:these are the same song right"
2020-11-16 03:06:13.813  INFO 13220 --- [lava-daemon-pool-info-loader-2-thread-1] lavalink.server.player.AudioLoader       : Loaded playlist Search results for: these are the same song right
2020-11-16 03:10:02.645  INFO 13220 --- [XNIO-1 task-17] l.server.player.AudioLoaderRestHandler   : Got request to load for identifier "ytsearch:revenge"
2020-11-16 03:10:03.074  INFO 13220 --- [lava-daemon-pool-info-loader-2-thread-1] lavalink.server.player.AudioLoader       : Loaded playlist Search results for: revenge
2020-11-16 03:10:03.088  INFO 13220 --- [XNIO-1 I/O-3] lavalink.server.io.SocketServer          : {"endTime":265000,"track":"QAAAugIAUSJSZXZlbmdlIiAtIEEgTWluZWNyYWZ0IFBhcm9keSBvZiBVc2hlcidzIERKIEdvdCBVcyBGYWxsaW4nIEluIExvdmUgKE11c2ljIFZpZGVvKQAPQ2FwdGFpblNwYXJrbGV6AAAAAAAECygAC2NQSlVCUWQtUE5NAAEAK2h0dHBzOi8vd3d3LnlvdXR1YmUuY29tL3dhdGNoP3Y9Y1BKVUJRZC1QTk0AB3lvdXR1YmUAAAAAAAAAAA==","noReplace":false,"startTime":0,"guildId":"767618057447145492","op":"play"}
2020-11-16 03:10:14.850  INFO 13220 --- [XNIO-1 task-19] l.server.player.AudioLoaderRestHandler   : Got request to load for identifier "ytsearch:kitchen without gun"
2020-11-16 03:10:15.273  INFO 13220 --- [lava-daemon-pool-info-loader-2-thread-1] lavalink.server.player.AudioLoader       : Loaded playlist Search results for: kitchen without gun
2020-11-16 03:10:33.270  INFO 13220 --- [XNIO-1 task-21] l.server.player.AudioLoaderRestHandler   : Got request to load for identifier "ytsearch:these are the same songs right"
2020-11-16 03:10:33.749  INFO 13220 --- [lava-daemon-pool-info-loader-2-thread-1] lavalink.server.player.AudioLoader       : Loaded playlist Search results for: these are the same songs right
2020-11-16 03:10:38.613  INFO 13220 --- [XNIO-1 I/O-3] lavalink.server.io.SocketServer          : {"endTime":73000,"track":"QAAAhgIAHVRoZXNlIGFyZSB0aGUgc2FtZSBzb25nIHJpZ2h0AA9EYXltYW5PdXJTYXZpb3IAAAAAAAEdKAALTEM0Ym51NVB4WDQAAQAraHR0cHM6Ly93d3cueW91dHViZS5jb20vd2F0Y2g/dj1MQzRibnU1UHhYNAAHeW91dHViZQAAAAAAAAAA","noReplace":false,"startTime":0,"guildId":"767618057447145492","op":"play"}
2020-11-16 03:10:45.448  INFO 13220 --- [XNIO-1 I/O-3] lavalink.server.io.SocketServer          : {"endTime":30000,"track":"QAAAcwIAE0tpdGNoZW4gd2l0aG91dCBndW4ABmluc3RlcAAAAAAAAHUwAAszSzFYUHNKd3N5ZwABACtodHRwczovL3d3dy55b3V0dWJlLmNvbS93YXRjaD92PTNLMVhQc0p3c3lnAAd5b3V0dWJlAAAAAAAAAAA=","noReplace":false,"startTime":0,"guildId":"767618057447145492","op":"play"}
2020-11-16 03:17:22.062  INFO 13220 --- [XNIO-1 I/O-3] lavalink.server.io.SocketServer          : {"guildId":"767618057447145492","op":"stop"}
2020-11-16 03:17:22.064  INFO 13220 --- [XNIO-1 I/O-3] lavalink.server.io.SocketServer          : {"guildId":"767618057447145492","op":"destroy"}
2020-11-16 03:17:25.025  INFO 13220 --- [XNIO-1 I/O-3] lavalink.server.io.SocketServer          : Connection closed from /127.0.0.1:51251 -- CloseStatus[code=1000, reason=Requested.]
2020-11-16 03:17:25.025  INFO 13220 --- [XNIO-1 I/O-3] lavalink.server.io.SocketContext         : Shutting down 0 playing players.
2020-11-16 03:25:18.671  INFO 13220 --- [XNIO-1 task-23] l.server.io.HandshakeInterceptorImpl     : Incoming connection from /127.0.0.1:51362
2020-11-16 03:25:18.678  INFO 13220 --- [XNIO-1 task-23] lavalink.server.io.SocketServer          : Connection successfully established from /127.0.0.1:51362
2020-11-16 03:25:31.409  INFO 13220 --- [XNIO-1 I/O-2] lavalink.server.io.SocketServer          : {"guildId":"767618057447145492","sessionId":"391198c65a7f78a200c9591e4f23a5bd","event":{"token":"9465051a5467d0ba","endpoint":"singapore295.discord.media:443"},"op":"voiceUpdate"}
2020-11-16 03:26:26.823  INFO 13220 --- [XNIO-1 task-24] l.server.player.AudioLoaderRestHandler   : Got request to load for identifier "ytsearch:https://www.youtube.com/watch?v=q6EoRBvdVPQ&list=PLbALbm1g5VzAqShkgKwo0NIVkwV9bZE8t"
2020-11-16 03:26:27.343  INFO 13220 --- [lava-daemon-pool-info-loader-2-thread-1] lavalink.server.player.AudioLoader       : Loaded playlist Search results for: https://www.youtube.com/watch?v=q6EoRBvdVPQ&list=PLbALbm1g5VzAqShkgKwo0NIVkwV9bZE8t
2020-11-16 03:26:27.669  INFO 13220 --- [XNIO-1 I/O-2] lavalink.server.io.SocketServer          : {"endTime":151000,"track":"QAAAoAIANEl0J3MgUmFpbmluZyBTb21ld2hlcmUgRWxzZSAoT2NlYW4gdmVyLikgLSBVbmRlcnRhbGUAEkNvbW1vZGl0eSBQcm9kdWNlcgAAAAAAAk3YAAtLLWgtckNIZlBtdwABACtodHRwczovL3d3dy55b3V0dWJlLmNvbS93YXRjaD92PUstaC1yQ0hmUG13AAd5b3V0dWJlAAAAAAAAAAA=","noReplace":false,"startTime":0,"guildId":"767618057447145492","op":"play"}
2020-11-16 03:26:44.547  INFO 13220 --- [XNIO-1 I/O-2] lavalink.server.io.SocketServer          : {"pause":true,"guildId":"767618057447145492","op":"pause"}
2020-11-16 03:27:20.007  INFO 13220 --- [XNIO-1 task-26] l.server.player.AudioLoaderRestHandler   : Got request to load for identifier "ytsearch:https://www.youtube.com/watch?v=j2TbwurGAdc&list=PLYrdmzv_Hj4--pnCV7TtmJN54u9JN_5Ix&index=1"
2020-11-16 03:27:20.274  INFO 13220 --- [lava-daemon-pool-info-loader-2-thread-1] lavalink.server.player.AudioLoader       : No matches found
2020-11-16 03:27:34.487  INFO 13220 --- [XNIO-1 task-28] l.server.player.AudioLoaderRestHandler   : Got request to load for identifier "ytsearch:important"
2020-11-16 03:27:34.902  INFO 13220 --- [lava-daemon-pool-info-loader-2-thread-1] lavalink.server.player.AudioLoader       : Loaded playlist Search results for: important
2020-11-16 03:27:35.271  INFO 13220 --- [XNIO-1 task-30] l.server.player.AudioLoaderRestHandler   : Got request to load for identifier "ytsearch:videos"
2020-11-16 03:27:35.798  INFO 13220 --- [lava-daemon-pool-info-loader-2-thread-1] lavalink.server.player.AudioLoader       : Loaded playlist Search results for: videos
2020-11-16 03:27:43.524  INFO 13220 --- [XNIO-1 I/O-2] lavalink.server.io.SocketServer          : {"pause":false,"guildId":"767618057447145492","op":"pause"}
2020-11-16 03:27:45.671  INFO 13220 --- [XNIO-1 I/O-2] lavalink.server.io.SocketServer          : {"endTime":394000,"track":"QAAAlwIALUhvdyB0byBQcm9ub3VuY2UgSU1QT1JUQU5UIC0gQW1lcmljYW4gRW5nbGlzaAAQUmFjaGVsJ3MgRW5nbGlzaAAAAAAABgMQAAtVdTlLYjRvTjNFUQABACtodHRwczovL3d3dy55b3V0dWJlLmNvbS93YXRjaD92PVV1OUtiNG9OM0VRAAd5b3V0dWJlAAAAAAAAAAA=","noReplace":false,"startTime":0,"guildId":"767618057447145492","op":"play"}
2020-11-16 03:27:54.696  INFO 13220 --- [XNIO-1 I/O-2] lavalink.server.io.SocketServer          : {"endTime":207000,"track":"QAAAiwIAJEluc2lkZWV1cyAtIEVjc3Rhc3kgKE9mZmljaWFsIFZpZGVvKQANSW5zaWRlZXVzVkVWTwAAAAAAAyiYAAstXzRHVzZCTklxcwABACtodHRwczovL3d3dy55b3V0dWJlLmNvbS93YXRjaD92PS1fNEdXNkJOSXFzAAd5b3V0dWJlAAAAAAAAAAA=","noReplace":false,"startTime":0,"guildId":"767618057447145492","op":"play"}
2020-11-16 03:28:08.331  INFO 13220 --- [XNIO-1 I/O-2] lavalink.server.io.SocketServer          : {"guildId":"767618057447145492","op":"stop"}
2020-11-16 03:28:08.335  INFO 13220 --- [XNIO-1 I/O-2] lavalink.server.io.SocketServer          : {"guildId":"767618057447145492","op":"destroy"}
2020-11-16 03:28:11.365  INFO 13220 --- [XNIO-1 I/O-2] lavalink.server.io.SocketServer          : {"guildId":"767618057447145492","sessionId":"391198c65a7f78a200c9591e4f23a5bd","event":{"token":"1852ed447de9b20d","endpoint":"singapore295.discord.media:443"},"op":"voiceUpdate"}
2020-11-16 03:28:19.289  INFO 13220 --- [XNIO-1 task-32] l.server.player.AudioLoaderRestHandler   : Got request to load for identifier "ytsearch:kitchen"
2020-11-16 03:28:19.870  INFO 13220 --- [lava-daemon-pool-info-loader-2-thread-1] lavalink.server.player.AudioLoader       : Loaded playlist Search results for: kitchen
2020-11-16 03:28:19.880  INFO 13220 --- [XNIO-1 I/O-2] lavalink.server.io.SocketServer          : {"endTime":1306000,"track":"QAAAkwIAMU1vZGVybiBLaXRjaGVuIFRvdXIgI1NreUtpdGNoZW4gI1NreVBvZCB8IEtyeXogVXkACEtyeXp6emllAAAAAAAT7ZAAC21fM1dEWF9MZldVAAEAK2h0dHBzOi8vd3d3LnlvdXR1YmUuY29tL3dhdGNoP3Y9bV8zV0RYX0xmV1UAB3lvdXR1YmUAAAAAAAAAAA==","noReplace":false,"startTime":0,"guildId":"767618057447145492","op":"play"}
2020-11-16 03:28:20.230  INFO 13220 --- [XNIO-1 task-2] l.server.player.AudioLoaderRestHandler   : Got request to load for identifier "ytsearch:without"
2020-11-16 03:28:20.664  INFO 13220 --- [lava-daemon-pool-info-loader-2-thread-1] lavalink.server.player.AudioLoader       : Loaded playlist Search results for: without
2020-11-16 03:28:21.050  INFO 13220 --- [XNIO-1 task-4] l.server.player.AudioLoaderRestHandler   : Got request to load for identifier "ytsearch:gun"
2020-11-16 03:28:21.459  INFO 13220 --- [lava-daemon-pool-info-loader-2-thread-1] lavalink.server.player.AudioLoader       : Loaded playlist Search results for: gun
2020-11-16 03:28:39.984  INFO 13220 --- [XNIO-1 I/O-2] lavalink.server.io.SocketServer          : {"guildId":"767618057447145492","op":"stop"}
2020-11-16 03:28:39.994  INFO 13220 --- [XNIO-1 I/O-2] lavalink.server.io.SocketServer          : {"guildId":"767618057447145492","op":"destroy"}
2020-11-16 03:28:43.247  INFO 13220 --- [XNIO-1 I/O-2] lavalink.server.io.SocketServer          : Connection closed from /127.0.0.1:51362 -- CloseStatus[code=1000, reason=Requested.]
2020-11-16 03:28:43.248  INFO 13220 --- [XNIO-1 I/O-2] lavalink.server.io.SocketContext         : Shutting down 0 playing players.
2020-11-16 03:42:12.065  INFO 13220 --- [XNIO-1 task-6] l.server.io.HandshakeInterceptorImpl     : Incoming connection from /127.0.0.1:51489
2020-11-16 03:42:12.071  INFO 13220 --- [XNIO-1 task-6] lavalink.server.io.SocketServer          : Connection successfully established from /127.0.0.1:51489
2020-11-16 03:51:39.113  INFO 13220 --- [XNIO-1 I/O-1] lavalink.server.io.SocketServer          : Connection closed from /127.0.0.1:51489 -- CloseStatus[code=1000, reason=Requested.]
2020-11-16 03:51:39.114  INFO 13220 --- [XNIO-1 I/O-1] lavalink.server.io.SocketContext         : Shutting down 0 playing players.
2020-11-16 03:59:21.116  INFO 13220 --- [XNIO-1 task-7] l.server.io.HandshakeInterceptorImpl     : Incoming connection from /127.0.0.1:51753
2020-11-16 03:59:21.123  INFO 13220 --- [XNIO-1 task-7] lavalink.server.io.SocketServer          : Connection successfully established from /127.0.0.1:51753
2020-11-16 03:59:30.061  INFO 13220 --- [XNIO-1 I/O-1] lavalink.server.io.SocketServer          : {"guildId":"767618057447145492","sessionId":"0fa6f18b36be16d9699b78c42986ac3b","event":{"token":"8cb0839311768efa","endpoint":"singapore1173.discord.media:443"},"op":"voiceUpdate"}
2020-11-16 03:59:31.564  INFO 13220 --- [XNIO-1 task-8] l.server.player.AudioLoaderRestHandler   : Got request to load for identifier "ytsearch:kitchen without gun"
2020-11-16 03:59:32.239  INFO 13220 --- [lava-daemon-pool-info-loader-2-thread-1] lavalink.server.player.AudioLoader       : Loaded playlist Search results for: kitchen without gun
2020-11-16 03:59:32.328  INFO 13220 --- [XNIO-1 I/O-1] lavalink.server.io.SocketServer          : {"endTime":30000,"track":"QAAAcwIAE0tpdGNoZW4gd2l0aG91dCBndW4ABmluc3RlcAAAAAAAAHUwAAszSzFYUHNKd3N5ZwABACtodHRwczovL3d3dy55b3V0dWJlLmNvbS93YXRjaD92PTNLMVhQc0p3c3lnAAd5b3V0dWJlAAAAAAAAAAA=","noReplace":false,"startTime":0,"guildId":"767618057447145492","op":"play"}
2020-11-16 03:59:37.283  INFO 13220 --- [XNIO-1 task-10] l.server.player.AudioLoaderRestHandler   : Got request to load for identifier "ytsearch:these are the same songs right"
2020-11-16 03:59:37.859  INFO 13220 --- [lava-daemon-pool-info-loader-2-thread-1] lavalink.server.player.AudioLoader       : Loaded playlist Search results for: these are the same songs right
2020-11-16 04:00:02.858  INFO 13220 --- [XNIO-1 I/O-1] lavalink.server.io.SocketServer          : {"endTime":73000,"track":"QAAAhgIAHVRoZXNlIGFyZSB0aGUgc2FtZSBzb25nIHJpZ2h0AA9EYXltYW5PdXJTYXZpb3IAAAAAAAEdKAALTEM0Ym51NVB4WDQAAQAraHR0cHM6Ly93d3cueW91dHViZS5jb20vd2F0Y2g/dj1MQzRibnU1UHhYNAAHeW91dHViZQAAAAAAAAAA","noReplace":false,"startTime":0,"guildId":"767618057447145492","op":"play"}
2020-11-16 04:00:22.887  INFO 13220 --- [XNIO-1 I/O-1] lavalink.server.io.SocketServer          : {"pause":true,"guildId":"767618057447145492","op":"pause"}
2020-11-16 04:00:27.291  INFO 13220 --- [XNIO-1 I/O-1] lavalink.server.io.SocketServer          : {"guildId":"767618057447145492","op":"stop"}
2020-11-16 04:00:27.293  INFO 13220 --- [XNIO-1 I/O-1] lavalink.server.io.SocketServer          : {"guildId":"767618057447145492","op":"destroy"}
2020-11-16 04:00:30.397  INFO 13220 --- [XNIO-1 I/O-1] lavalink.server.io.SocketServer          : Connection closed from /127.0.0.1:51753 -- CloseStatus[code=1000, reason=Requested.]
2020-11-16 04:00:30.398  INFO 13220 --- [XNIO-1 I/O-1] lavalink.server.io.SocketContext         : Shutting down 0 playing players.
2020-11-16 04:03:58.131  INFO 13220 --- [XNIO-1 task-12] l.server.io.HandshakeInterceptorImpl     : Incoming connection from /127.0.0.1:51777
2020-11-16 04:03:58.136  INFO 13220 --- [XNIO-1 task-12] lavalink.server.io.SocketServer          : Connection successfully established from /127.0.0.1:51777
2020-11-16 04:04:36.569  INFO 13220 --- [XNIO-1 I/O-1] lavalink.server.io.SocketServer          : {"guildId":"767618057447145492","sessionId":"3bd3c645483661371e002490f0e7285a","event":{"token":"0ae715676e122792","endpoint":"singapore1173.discord.media:443"},"op":"voiceUpdate"}
2020-11-16 04:04:41.692  INFO 13220 --- [XNIO-1 task-13] l.server.player.AudioLoaderRestHandler   : Got request to load for identifier "ytsearch:kitchen without gun"
2020-11-16 04:04:42.277  INFO 13220 --- [lava-daemon-pool-info-loader-2-thread-1] lavalink.server.player.AudioLoader       : Loaded playlist Search results for: kitchen without gun
2020-11-16 04:04:42.322  INFO 13220 --- [XNIO-1 I/O-1] lavalink.server.io.SocketServer          : {"endTime":30000,"track":"QAAAcwIAE0tpdGNoZW4gd2l0aG91dCBndW4ABmluc3RlcAAAAAAAAHUwAAszSzFYUHNKd3N5ZwABACtodHRwczovL3d3dy55b3V0dWJlLmNvbS93YXRjaD92PTNLMVhQc0p3c3lnAAd5b3V0dWJlAAAAAAAAAAA=","noReplace":false,"startTime":0,"guildId":"767618057447145492","op":"play"}
2020-11-16 04:04:48.258  INFO 13220 --- [XNIO-1 task-15] l.server.player.AudioLoaderRestHandler   : Got request to load for identifier "ytsearch:these are the same song right"
2020-11-16 04:04:48.732  INFO 13220 --- [lava-daemon-pool-info-loader-2-thread-1] lavalink.server.player.AudioLoader       : Loaded playlist Search results for: these are the same song right
2020-11-16 04:05:12.515  INFO 13220 --- [XNIO-1 I/O-1] lavalink.server.io.SocketServer          : {"endTime":73000,"track":"QAAAhgIAHVRoZXNlIGFyZSB0aGUgc2FtZSBzb25nIHJpZ2h0AA9EYXltYW5PdXJTYXZpb3IAAAAAAAEdKAALTEM0Ym51NVB4WDQAAQAraHR0cHM6Ly93d3cueW91dHViZS5jb20vd2F0Y2g/dj1MQzRibnU1UHhYNAAHeW91dHViZQAAAAAAAAAA","noReplace":false,"startTime":0,"guildId":"767618057447145492","op":"play"}
2020-11-16 04:07:16.336  INFO 13220 --- [XNIO-1 I/O-1] lavalink.server.io.SocketServer          : {"guildId":"767618057447145492","op":"stop"}
2020-11-16 04:07:16.338  INFO 13220 --- [XNIO-1 I/O-1] lavalink.server.io.SocketServer          : {"guildId":"767618057447145492","op":"destroy"}
2020-11-16 04:07:16.362  INFO 13220 --- [XNIO-1 I/O-1] lavalink.server.io.SocketServer          : Connection closed from /127.0.0.1:51777 -- CloseStatus[code=1000, reason=Requested.]
2020-11-16 04:07:16.363  INFO 13220 --- [XNIO-1 I/O-1] lavalink.server.io.SocketContext         : Shutting down 0 playing players.
